<?xml version="1.0" encoding="UTF-8"?>
<!-- Generated by org.testng.reporters.JUnitReportReporter -->
<testsuite skipped="0" hostname="EPINHYDW1414" name="tests.SmartWatch" tests="6" failures="0" timestamp="19 Nov 2019 05:14:14 GMT" time="72.081" errors="0">
  <testcase name="cart" time="10.711" classname="tests.SmartWatch"/>
  <testcase name="getProfileTest" time="9.384" classname="tests.SmartWatch"/>
  <testcase name="cart" time="7.070" classname="tests.SmartWatch"/>
  <testcase name="selectMobile" time="10.705" classname="tests.SmartWatch"/>
  <testcase name="selectMobile" time="11.073" classname="tests.SmartWatch"/>
  <testcase name="getProfileTest" time="23.138" classname="tests.SmartWatch"/>
</testsuite> <!-- tests.SmartWatch -->
