<?xml version="1.0" encoding="UTF-8"?>
<!-- Generated by org.testng.reporters.JUnitReportReporter -->
<testsuite skipped="0" hostname="EPINHYDW1414" name="tests.SmartWatch" tests="3" failures="0" timestamp="18 Nov 2019 09:49:09 GMT" time="37.706" errors="0">
  <testcase name="selectMobile" time="9.066" classname="tests.SmartWatch"/>
  <testcase name="getProfileTest" time="19.760" classname="tests.SmartWatch"/>
  <testcase name="cart" time="8.880" classname="tests.SmartWatch"/>
</testsuite> <!-- tests.SmartWatch -->
