<?xml version="1.0" encoding="UTF-8"?>
<!-- Generated by org.testng.reporters.JUnitReportReporter -->
<testsuite skipped="3" hostname="EPINHYDW1414" name="tests.Headless" tests="4" failures="0" timestamp="19 Nov 2019 05:40:09 GMT" time="0.032" errors="1">
  <testcase name="getProfileTest" time="0.000" classname="tests.Headless">
    <skipped/>
  </testcase> <!-- getProfileTest -->
  <testcase name="cart" time="0.000" classname="tests.Headless">
    <skipped/>
  </testcase> <!-- cart -->
  <testcase name="setUpF" time="0.032" classname="tests.Headless">
    <error type="java.lang.Error" message="Unresolved compilation problems: 
	The method setHeadless(boolean) is undefined for the type FirefoxOptions
	The method setHeadless(boolean) is undefined for the type ChromeOptions
">
      <![CDATA[java.lang.Error: Unresolved compilation problems: 
The method setHeadless(boolean) is undefined for the type FirefoxOptions
The method setHeadless(boolean) is undefined for the type ChromeOptions

at basetest.HeadLessBase.setUpF(HeadLessBase.java:39)
at sun.reflect.NativeMethodAccessorImpl.invoke0(Native Method)
at sun.reflect.NativeMethodAccessorImpl.invoke(NativeMethodAccessorImpl.java:62)
at sun.reflect.DelegatingMethodAccessorImpl.invoke(DelegatingMethodAccessorImpl.java:43)
at java.lang.reflect.Method.invoke(Method.java:498)
at org.testng.internal.MethodInvocationHelper.invokeMethod(MethodInvocationHelper.java:124)
at org.testng.internal.MethodInvocationHelper.invokeMethodConsideringTimeout(MethodInvocationHelper.java:59)
at org.testng.internal.Invoker.invokeConfigurationMethod(Invoker.java:458)
at org.testng.internal.Invoker.invokeConfigurations(Invoker.java:222)
at org.testng.internal.Invoker.invokeConfigurations(Invoker.java:142)
at org.testng.TestRunner.beforeRun(TestRunner.java:529)
at org.testng.TestRunner.run(TestRunner.java:497)
at org.testng.SuiteRunner.runTest(SuiteRunner.java:455)
at org.testng.SuiteRunner.access$000(SuiteRunner.java:40)
at org.testng.SuiteRunner$SuiteWorker.run(SuiteRunner.java:489)
at org.testng.internal.thread.ThreadUtil$1.call(ThreadUtil.java:52)
at java.util.concurrent.FutureTask.run(FutureTask.java:266)
at java.util.concurrent.ThreadPoolExecutor.runWorker(ThreadPoolExecutor.java:1149)
at java.util.concurrent.ThreadPoolExecutor$Worker.run(ThreadPoolExecutor.java:624)
at java.lang.Thread.run(Thread.java:748)
]]>
    </error>
  </testcase> <!-- setUpF -->
  <testcase name="selectMobile" time="0.000" classname="tests.Headless">
    <skipped/>
  </testcase> <!-- selectMobile -->
</testsuite> <!-- tests.Headless -->
