<?xml version="1.0" encoding="UTF-8"?>
<!-- Generated by org.testng.reporters.JUnitReportReporter -->
<testsuite skipped="0" hostname="EPINHYDW1414" name="tests.Test2" tests="2" failures="0" timestamp="10 Nov 2019 09:48:41 GMT" time="22.523" errors="0">
  <testcase name="Menu" time="14.205" classname="tests.Test2"/>
  <testcase name="getProfileTest" time="8.318" classname="tests.Test2"/>
</testsuite> <!-- tests.Test2 -->
