<?xml version="1.0" encoding="UTF-8"?>
<!-- Generated by org.testng.reporters.JUnitReportReporter -->
<testsuite skipped="0" hostname="EPINHYDW1414" name="tests.Headless" tests="3" failures="0" timestamp="18 Nov 2019 12:31:47 GMT" time="40.055" errors="0">
  <testcase name="selectMobile" time="10.309" classname="tests.Headless"/>
  <testcase name="cart" time="8.214" classname="tests.Headless"/>
  <testcase name="getProfileTest" time="21.532" classname="tests.Headless"/>
</testsuite> <!-- tests.Headless -->
