<?xml version="1.0" encoding="UTF-8"?>
<!-- Generated by org.testng.reporters.JUnitReportReporter -->
<testsuite skipped="0" hostname="EPINHYDW1414" name="tests.SmartWatch" tests="3" failures="0" timestamp="18 Nov 2019 04:17:06 GMT" time="38.531" errors="0">
  <testcase name="getProfileTest" time="19.755" classname="tests.SmartWatch"/>
  <testcase name="selectMobile" time="11.006" classname="tests.SmartWatch"/>
  <testcase name="cart" time="7.770" classname="tests.SmartWatch"/>
</testsuite> <!-- tests.SmartWatch -->
