<?xml version="1.0" encoding="UTF-8"?>
<!-- Generated by org.testng.reporters.JUnitReportReporter -->
<testsuite skipped="0" hostname="EPINHYDW1414" name="tests.Headless" tests="3" failures="0" timestamp="18 Nov 2019 08:22:53 GMT" time="38.098" errors="0">
  <testcase name="getProfileTest" time="19.570" classname="tests.Headless"/>
  <testcase name="selectMobile" time="10.583" classname="tests.Headless"/>
  <testcase name="cart" time="7.945" classname="tests.Headless"/>
</testsuite> <!-- tests.Headless -->
