<?xml version="1.0" encoding="UTF-8"?>
<!-- Generated by org.testng.reporters.JUnitReportReporter -->
<testsuite skipped="0" hostname="EPINHYDW1414" name="tests.Test1" tests="1" failures="0" timestamp="10 Nov 2019 09:24:24 GMT" time="6.420" errors="0">
  <testcase name="getProfileTest" time="6.420" classname="tests.Test1"/>
</testsuite> <!-- tests.Test1 -->
