<?xml version="1.0" encoding="UTF-8"?>
<!-- Generated by org.testng.reporters.JUnitReportReporter -->
<testsuite skipped="0" hostname="EPINHYDW1414" name="tests.Headless" tests="3" failures="0" timestamp="18 Nov 2019 06:00:59 GMT" time="25.652" errors="0">
  <testcase name="cart" time="6.786" classname="tests.Headless"/>
  <testcase name="getProfileTest" time="9.647" classname="tests.Headless"/>
  <testcase name="selectMobile" time="9.219" classname="tests.Headless"/>
</testsuite> <!-- tests.Headless -->
