<?xml version="1.0" encoding="UTF-8"?>
<!-- Generated by org.testng.reporters.JUnitReportReporter -->
<testsuite skipped="0" hostname="EPINHYDW1414" name="tests.SmartWatch" tests="3" failures="0" timestamp="18 Nov 2019 08:10:54 GMT" time="39.633" errors="0">
  <testcase name="selectMobile" time="13.342" classname="tests.SmartWatch"/>
  <testcase name="cart" time="11.110" classname="tests.SmartWatch"/>
  <testcase name="getProfileTest" time="15.181" classname="tests.SmartWatch"/>
</testsuite> <!-- tests.SmartWatch -->
